<?xml version="1.0" encoding="UTF-8"?>
<!-- Generated by org.testng.reporters.JUnitXMLReporter -->
<testsuite ignored="0" hostname="LAPTOP-PK0JMVR3" failures="2" tests="3" name="Test" time="11.972" errors="0" timestamp="2021-12-03T15:11:36 IST">
  <testcase classname="com.ipj.tests.TC_VerifyValidUsers" name="VerifyValidUsers" time="1.991"/>
  <testcase classname="com.ipj.tests.TC_VerifyValidUsers" name="VerifyValidUsers" time="2.383">
    <failure type="java.lang.AssertionError" message="expected [true] but found [false]">
      <![CDATA[java.lang.AssertionError: expected [true] but found [false]
at com.ipj.tests.TC_VerifyValidUsers.VerifyValidUsers(TC_VerifyValidUsers.java:44)
at java.base/java.util.concurrent.FutureTask.run(FutureTask.java:264)
at java.base/java.util.concurrent.Executors$RunnableAdapter.call(Executors.java:515)
at java.base/java.util.concurrent.FutureTask.run(FutureTask.java:264)
at java.base/java.util.concurrent.ThreadPoolExecutor.runWorker(ThreadPoolExecutor.java:1130)
at java.base/java.util.concurrent.ThreadPoolExecutor$Worker.run(ThreadPoolExecutor.java:630)
at java.base/java.lang.Thread.run(Thread.java:831)
... Removed 13 stack frames]]>
    </failure>
  </testcase> <!-- VerifyValidUsers -->
  <testcase classname="com.ipj.tests.TC_VerifyValidUsers" name="VerifyValidUsers" time="2.582">
    <failure type="java.lang.AssertionError" message="expected [true] but found [false]">
      <![CDATA[java.lang.AssertionError: expected [true] but found [false]
at com.ipj.tests.TC_VerifyValidUsers.VerifyValidUsers(TC_VerifyValidUsers.java:44)
at java.base/java.util.concurrent.FutureTask.run(FutureTask.java:264)
at java.base/java.util.concurrent.Executors$RunnableAdapter.call(Executors.java:515)
at java.base/java.util.concurrent.FutureTask.run(FutureTask.java:264)
at java.base/java.util.concurrent.ThreadPoolExecutor.runWorker(ThreadPoolExecutor.java:1130)
at java.base/java.util.concurrent.ThreadPoolExecutor$Worker.run(ThreadPoolExecutor.java:630)
at java.base/java.lang.Thread.run(Thread.java:831)
... Removed 13 stack frames]]>
    </failure>
  </testcase> <!-- VerifyValidUsers -->
</testsuite> <!-- Test -->
