<?xml version="1.0" encoding="UTF-8"?>
<testng-results ignored="0" total="3" passed="2" failed="1" skipped="0">
  <reporter-output>
  </reporter-output>
  <suite started-at="2021-12-03T17:41:31 IST" name="Suite" finished-at="2021-12-03T17:41:49 IST" duration-ms="17351">
    <groups>
    </groups>
    <test started-at="2021-12-03T17:41:31 IST" name="TestOnChrome" finished-at="2021-12-03T17:41:49 IST" duration-ms="17351">
      <class name="com.ipj.tests.TC_VerifyValidUsers">
        <test-method is-config="true" signature="suiteSetup()[pri:0, instance:com.ipj.tests.TC_VerifyValidUsers@77888435]" started-at="2021-12-03T17:41:31 IST" name="suiteSetup" finished-at="2021-12-03T17:41:31 IST" duration-ms="13" status="PASS">
          <reporter-output>
          </reporter-output>
        </test-method> <!-- suiteSetup -->
        <test-method is-config="true" signature="setUp(java.lang.String)[pri:0, instance:com.ipj.tests.TC_VerifyValidUsers@77888435]" started-at="2021-12-03T17:41:32 IST" name="setUp" finished-at="2021-12-03T17:41:42 IST" duration-ms="9446" status="PASS">
          <params>
            <param index="0">
              <value>
                <![CDATA[chrome]]>
              </value>
            </param>
          </params>
          <reporter-output>
          </reporter-output>
        </test-method> <!-- setUp -->
        <test-method is-config="true" signature="setUp(java.lang.String)[pri:0, instance:com.ipj.tests.TC_VerifyValidUsers@77888435]" started-at="2021-12-03T17:41:32 IST" name="setUp" finished-at="2021-12-03T17:41:42 IST" duration-ms="9493" status="PASS">
          <params>
            <param index="0">
              <value>
                <![CDATA[chrome]]>
              </value>
            </param>
          </params>
          <reporter-output>
          </reporter-output>
        </test-method> <!-- setUp -->
        <test-method is-config="true" signature="setUp(java.lang.String)[pri:0, instance:com.ipj.tests.TC_VerifyValidUsers@77888435]" started-at="2021-12-03T17:41:32 IST" name="setUp" finished-at="2021-12-03T17:41:42 IST" duration-ms="9630" status="PASS">
          <params>
            <param index="0">
              <value>
                <![CDATA[chrome]]>
              </value>
            </param>
          </params>
          <reporter-output>
          </reporter-output>
        </test-method> <!-- setUp -->
        <test-method signature="VerifyValidUsers(java.lang.String,java.lang.String,java.lang.String)[pri:0, instance:com.ipj.tests.TC_VerifyValidUsers@77888435]" started-at="2021-12-03T17:41:42 IST" name="VerifyValidUsers" data-provider="testData" finished-at="2021-12-03T17:41:48 IST" duration-ms="6421" status="PASS">
          <params>
            <param index="0">
              <value>
                <![CDATA[Admin]]>
              </value>
            </param>
            <param index="1">
              <value>
                <![CDATA[admin123]]>
              </value>
            </param>
            <param index="2">
              <value>
                <![CDATA[valid]]>
              </value>
            </param>
          </params>
          <reporter-output>
          </reporter-output>
        </test-method> <!-- VerifyValidUsers -->
        <test-method signature="VerifyValidUsers(java.lang.String,java.lang.String,java.lang.String)[pri:0, instance:com.ipj.tests.TC_VerifyValidUsers@77888435]" started-at="2021-12-03T17:41:42 IST" name="VerifyValidUsers" data-provider="testData" finished-at="2021-12-03T17:41:44 IST" duration-ms="2156" status="FAIL">
          <params>
            <param index="0">
              <value>
                <![CDATA[admin12]]>
              </value>
            </param>
            <param index="1">
              <value>
                <![CDATA[admin123]]>
              </value>
            </param>
            <param index="2">
              <value>
                <![CDATA[valid]]>
              </value>
            </param>
          </params>
          <exception class="java.lang.AssertionError">
            <message>
              <![CDATA[expected [true] but found [false]]]>
            </message>
            <full-stacktrace>
              <![CDATA[java.lang.AssertionError: expected [true] but found [false]
at org.testng.Assert.fail(Assert.java:99)
at org.testng.Assert.failNotEquals(Assert.java:1037)
at org.testng.Assert.assertTrue(Assert.java:45)
at org.testng.Assert.assertTrue(Assert.java:55)
at com.ipj.tests.TC_VerifyValidUsers.VerifyValidUsers(TC_VerifyValidUsers.java:46)
at java.base/jdk.internal.reflect.NativeMethodAccessorImpl.invoke0(Native Method)
at java.base/jdk.internal.reflect.NativeMethodAccessorImpl.invoke(NativeMethodAccessorImpl.java:78)
at java.base/jdk.internal.reflect.DelegatingMethodAccessorImpl.invoke(DelegatingMethodAccessorImpl.java:43)
at java.base/java.lang.reflect.Method.invoke(Method.java:567)
at org.testng.internal.MethodInvocationHelper.invokeMethod(MethodInvocationHelper.java:133)
at org.testng.internal.TestInvoker.invokeMethod(TestInvoker.java:598)
at org.testng.internal.TestInvoker.invokeTestMethod(TestInvoker.java:173)
at org.testng.internal.TestMethodWithDataProviderMethodWorker.call(TestMethodWithDataProviderMethodWorker.java:77)
at org.testng.internal.TestMethodWithDataProviderMethodWorker.call(TestMethodWithDataProviderMethodWorker.java:15)
at java.base/java.util.concurrent.FutureTask.run(FutureTask.java:264)
at java.base/java.util.concurrent.Executors$RunnableAdapter.call(Executors.java:515)
at java.base/java.util.concurrent.FutureTask.run(FutureTask.java:264)
at java.base/java.util.concurrent.ThreadPoolExecutor.runWorker(ThreadPoolExecutor.java:1130)
at java.base/java.util.concurrent.ThreadPoolExecutor$Worker.run(ThreadPoolExecutor.java:630)
at java.base/java.lang.Thread.run(Thread.java:831)
]]>
            </full-stacktrace>
          </exception> <!-- java.lang.AssertionError -->
          <reporter-output>
          </reporter-output>
        </test-method> <!-- VerifyValidUsers -->
        <test-method signature="VerifyValidUsers(java.lang.String,java.lang.String,java.lang.String)[pri:0, instance:com.ipj.tests.TC_VerifyValidUsers@77888435]" started-at="2021-12-03T17:41:42 IST" name="VerifyValidUsers" data-provider="testData" finished-at="2021-12-03T17:41:44 IST" duration-ms="2116" status="PASS">
          <params>
            <param index="0">
              <value>
                <![CDATA[Admin]]>
              </value>
            </param>
            <param index="1">
              <value>
                <![CDATA[admin]]>
              </value>
            </param>
            <param index="2">
              <value>
                <![CDATA[invalid]]>
              </value>
            </param>
          </params>
          <reporter-output>
          </reporter-output>
        </test-method> <!-- VerifyValidUsers -->
        <test-method is-config="true" signature="tearDown()[pri:0, instance:com.ipj.tests.TC_VerifyValidUsers@77888435]" started-at="2021-12-03T17:41:44 IST" name="tearDown" finished-at="2021-12-03T17:41:45 IST" duration-ms="442" status="PASS">
          <reporter-output>
          </reporter-output>
        </test-method> <!-- tearDown -->
        <test-method is-config="true" signature="tearDown()[pri:0, instance:com.ipj.tests.TC_VerifyValidUsers@77888435]" started-at="2021-12-03T17:41:44 IST" name="tearDown" finished-at="2021-12-03T17:41:45 IST" duration-ms="412" status="PASS">
          <reporter-output>
          </reporter-output>
        </test-method> <!-- tearDown -->
        <test-method is-config="true" signature="tearDown()[pri:0, instance:com.ipj.tests.TC_VerifyValidUsers@77888435]" started-at="2021-12-03T17:41:48 IST" name="tearDown" finished-at="2021-12-03T17:41:49 IST" duration-ms="198" status="PASS">
          <reporter-output>
          </reporter-output>
        </test-method> <!-- tearDown -->
      </class> <!-- com.ipj.tests.TC_VerifyValidUsers -->
    </test> <!-- TestOnChrome -->
  </suite> <!-- Suite -->
</testng-results>
